<?xml version="1.0" encoding="UTF-8"?>
<!-- Generated by org.testng.reporters.JUnitReportReporter -->
<testsuite skipped="0" hostname="LAPTOP-R2V2MCT2" name="Com.RBC.TestCases.TC_AddCustomer_002" tests="1" failures="0" timestamp="2021-12-29T19:37:33 EST" time="35.962" errors="0">
  <testcase name="addNewCustomerTest" time="35.962" classname="Com.RBC.TestCases.TC_AddCustomer_002"/>
  <system-out/>
</testsuite> <!-- Com.RBC.TestCases.TC_AddCustomer_002 -->
