<?xml version="1.0" encoding="UTF-8"?>
<!-- Generated by org.testng.reporters.JUnitReportReporter -->
<testsuite skipped="0" hostname="LAPTOP-R2V2MCT2" name="Com.RBC.TestCases.TC_AddCustomer_003" tests="1" failures="0" timestamp="2021-12-29T20:09:03 EST" time="41.234" errors="0">
  <testcase name="addNewCustomerTest" time="41.234" classname="Com.RBC.TestCases.TC_AddCustomer_003"/>
  <system-out/>
</testsuite> <!-- Com.RBC.TestCases.TC_AddCustomer_003 -->
