<?xml version="1.0" encoding="UTF-8"?>
<!-- Generated by org.testng.reporters.JUnitReportReporter -->
<testsuite skipped="0" hostname="LAPTOP-R2V2MCT2" name="Com.RBC.TestCases.TC_AddCustomer_003" tests="1" failures="0" timestamp="30 Dec 2021 02:10:20 GMT" time="42.586" errors="0">
  <testcase name="addNewCustomerTest" time="42.586" classname="Com.RBC.TestCases.TC_AddCustomer_003"/>
</testsuite> <!-- Com.RBC.TestCases.TC_AddCustomer_003 -->
